c:\users\s012103j\onedrive - staffordshire university\gec\semester2\mariogame\mariogame\debug\vc142.pdb
c:\users\s012103j\onedrive - staffordshire university\gec\semester2\mariogame\mariogame\debug\vc142.idb
c:\users\s012103j\onedrive - staffordshire university\gec\semester2\mariogame\mariogame\debug\texture2d.obj
c:\users\s012103j\onedrive - staffordshire university\gec\semester2\mariogame\mariogame\debug\powblock.obj
c:\users\s012103j\onedrive - staffordshire university\gec\semester2\mariogame\mariogame\debug\main.obj
c:\users\s012103j\onedrive - staffordshire university\gec\semester2\mariogame\mariogame\debug\levelmap.obj
c:\users\s012103j\onedrive - staffordshire university\gec\semester2\mariogame\mariogame\debug\gamescreenmanager.obj
c:\users\s012103j\onedrive - staffordshire university\gec\semester2\mariogame\mariogame\debug\gamescreenlevel1.obj
c:\users\s012103j\onedrive - staffordshire university\gec\semester2\mariogame\mariogame\debug\gamescreen.obj
c:\users\s012103j\onedrive - staffordshire university\gec\semester2\mariogame\mariogame\debug\collisions.obj
c:\users\s012103j\onedrive - staffordshire university\gec\semester2\mariogame\mariogame\debug\charactermario.obj
c:\users\s012103j\onedrive - staffordshire university\gec\semester2\mariogame\mariogame\debug\characterluigi.obj
c:\users\s012103j\onedrive - staffordshire university\gec\semester2\mariogame\mariogame\debug\characterkoopa.obj
c:\users\s012103j\onedrive - staffordshire university\gec\semester2\mariogame\mariogame\debug\character.obj
c:\users\s012103j\onedrive - staffordshire university\gec\semester2\mariogame\debug\mariogame.exe
c:\users\s012103j\onedrive - staffordshire university\gec\semester2\mariogame\debug\mariogame.ilk
c:\users\s012103j\onedrive - staffordshire university\gec\semester2\mariogame\debug\mariogame.pdb
c:\users\s012103j\onedrive - staffordshire university\gec\semester2\mariogame\mariogame\debug\mariogame.tlog\cl.command.1.tlog
c:\users\s012103j\onedrive - staffordshire university\gec\semester2\mariogame\mariogame\debug\mariogame.tlog\cl.read.1.tlog
c:\users\s012103j\onedrive - staffordshire university\gec\semester2\mariogame\mariogame\debug\mariogame.tlog\cl.write.1.tlog
c:\users\s012103j\onedrive - staffordshire university\gec\semester2\mariogame\mariogame\debug\mariogame.tlog\link.command.1.tlog
c:\users\s012103j\onedrive - staffordshire university\gec\semester2\mariogame\mariogame\debug\mariogame.tlog\link.read.1.tlog
c:\users\s012103j\onedrive - staffordshire university\gec\semester2\mariogame\mariogame\debug\mariogame.tlog\link.write.1.tlog
